#
# A fatal error has been detected by the Java Runtime Environment:
#
#  SIGSEGV (0xb) at pc=0x000000010605448a, pid=29342, tid=7939
#
# JRE version: Java(TM) SE Runtime Environment (10.0.2+13) (build 10.0.2+13)
# Java VM: Java HotSpot(TM) 64-Bit Server VM (10.0.2+13, mixed mode, tiered, compressed oops, g1 gc, bsd-amd64)
# Problematic frame:
# C  [libjimage.dylib+0x248a]  _ZNK15ImageFileReader19find_location_indexEPKcPy+0x2c
#
# No core dump will be written. Core dumps have been disabled. To enable core dumping, try "ulimit -c unlimited" before starting Java again
#
# If you would like to submit a bug report, please visit:
#   http://bugreport.java.com/bugreport/crash.jsp
#

---------------  S U M M A R Y ------------

Command Line: -agentlib:jdwp=transport=dt_socket,suspend=y,address=localhost:54836 -javaagent:/Users/brafalski18/.eclipse/org.eclipse.platform_4.8.0_216347601_macosx_cocoa_x86_64/configuration/org.eclipse.osgi/231/0/.cp/lib/javaagent-shaded.jar -Dfile.encoding=UTF-8 StartCB

Host: iMac13,2 x86_64 2900 MHz, 4 cores, 16G, Darwin 16.7.0
Time: Wed Sep 26 12:39:16 2018 CDT elapsed time: 522 seconds (0d 0h 8m 42s)

---------------  T H R E A D  ---------------

Current thread (0x00007ff4aa000000):  JavaThread "main" [_thread_in_vm, id=7939, stack(0x00000001048d1000,0x00000001049d1000)]

Stack: [0x00000001048d1000,0x00000001049d1000],  sp=0x00000001049cf270,  free space=1016k
Native frames: (J=compiled Java code, A=aot compiled Java code, j=interpreted, Vv=VM code, C=native code)
C